[2015.12.07-12.08.53:348][  0]Log file open, 12/07/15 06:08:53
[2015.12.07-12.08.53:348][  0]LogInit:Display: Running engine for game: TheTake
[2015.12.07-12.08.53:348][  0]LogPlatformFile: Not using cached read wrapper
[2015.12.07-12.08.53:348][  0]LogInit:Display: RandInit(131321107) SRandInit(131321111).
[2015.12.07-12.08.53:348][  0]LogTaskGraph: Started task graph with 4 named threads and 5 total threads.
[2015.12.07-12.08.53:348][  0]LogStats: Stats thread started at 0.116691
[2015.12.07-12.08.53:348][  0]LogInit: Version: 4.10.0-2758231+++depot+UE4-Releases+4.10
[2015.12.07-12.08.53:348][  0]LogInit: API Version: 2758231
[2015.12.07-12.08.53:348][  0]LogInit: Compiled (64-bit): Nov  7 2015 05:13:45
[2015.12.07-12.08.53:348][  0]LogInit: Compiled with Visual C++: 19.00.23026.00
[2015.12.07-12.08.53:348][  0]LogInit: Build Configuration: Development
[2015.12.07-12.08.53:348][  0]LogInit: Branch Name: ++depot+UE4-Releases+4.10
[2015.12.07-12.08.53:348][  0]LogInit: Command line:  
[2015.12.07-12.08.53:348][  0]LogInit: Base directory: C:/Program Files/Epic Games/4.10/Engine/Binaries/Win64/
[2015.12.07-12.08.53:348][  0]LogInit: Rocket: 1
[2015.12.07-12.08.53:368][  0]LogInit: Using libcurl 7.41.0
[2015.12.07-12.08.53:368][  0]LogInit:  - built for x86_64-pc-win32
[2015.12.07-12.08.53:368][  0]LogInit:  - supports SSL with WinSSL
[2015.12.07-12.08.53:368][  0]LogInit:  - other features:
[2015.12.07-12.08.53:368][  0]LogInit:      CURL_VERSION_SSL
[2015.12.07-12.08.53:368][  0]LogInit:      CURL_VERSION_IPV6
[2015.12.07-12.08.53:368][  0]LogInit:      CURL_VERSION_ASYNCHDNS
[2015.12.07-12.08.53:368][  0]LogInit:      CURL_VERSION_LARGEFILE
[2015.12.07-12.08.53:368][  0]LogInit:      CURL_VERSION_IDN
[2015.12.07-12.08.53:368][  0]LogInit:  CurlRequestOptions (configurable via config and command line):
[2015.12.07-12.08.53:368][  0]LogInit:  - bVerifyPeer = true  - Libcurl will verify peer certificate
[2015.12.07-12.08.53:369][  0]LogInit:  - bUseHttpProxy = false  - Libcurl will NOT use HTTP proxy
[2015.12.07-12.08.53:369][  0]LogInit:  - bDontReuseConnections = false  - Libcurl will reuse connections
[2015.12.07-12.08.53:369][  0]LogInit:  - CertBundlePath = nullptr  - Libcurl will use whatever was configured at build time.
[2015.12.07-12.08.53:389][  0]LogInit: Presizing for 0 objects not considered by GC, pre-allocating 0 bytes.
[2015.12.07-12.08.53:412][  0]LogInit: Object subsystem initialized
[2015.12.07-12.08.53:414][  0]LogInit: Selected Device Profile: [Windows]
[2015.12.07-12.08.53:414][  0]LogInit: Applying CVar settings loaded from the selected device profile: [Windows]
[2015.12.07-12.08.53:443][  0]LogInit: Computer: DJ-DESKTOP
[2015.12.07-12.08.53:443][  0]LogInit: User: DjangoDurango
[2015.12.07-12.08.53:443][  0]LogInit: CPU Page size=4096, Cores=2
[2015.12.07-12.08.53:443][  0]LogInit: High frequency timer resolution =2.857441 MHz
[2015.12.07-12.08.53:443][  0]LogMemory: Memory total: Physical=4.0GB (4GB approx)
[2015.12.07-12.08.53:443][  0]LogMemory: Platform Memory Stats for Windows
[2015.12.07-12.08.53:443][  0]LogMemory: Process Physical Memory: 55.11 MB used, 55.11 MB peak
[2015.12.07-12.08.53:443][  0]LogMemory: Process Virtual Memory: 58.13 MB used, 58.13 MB peak
[2015.12.07-12.08.53:443][  0]LogMemory: Physical Memory: 2417.55 MB used, 4094.98 MB total
[2015.12.07-12.08.53:443][  0]LogMemory: Virtual Memory: 350.81 MB used, 8388608.00 MB total
[2015.12.07-12.08.53:527][  0]LogTextLocalizationManager: No specific translations for ('en-US') exist, so ('en') translations will be used.
[2015.12.07-12.08.55:088][  0]LogD3D11RHI: Found D3D11 adapter 0: NVIDIA GeForce GTX 650 (Feature Level 11_0)
[2015.12.07-12.08.55:089][  0]LogD3D11RHI: Adapter has 971MB of dedicated video memory, 0MB of dedicated system memory, and 1791MB of shared system memory, 2 output[s]
[2015.12.07-12.08.55:089][  0]LogD3D11RHI: Chosen D3D11 Adapter Id = 0
[2015.12.07-12.08.55:154][  0]LogD3D11RHI: !Direct3DDevice
[2015.12.07-12.08.55:154][  0]LogRHI: Texture pool is 680 MB (70% of 971 MB)
[2015.12.07-12.08.55:176][  0]LogD3D11RHI: Async texture creation enabled
[2015.12.07-12.08.55:211][  0]LogShaderCompilers: Guid format shader working directory is -27 characters bigger than the processId version (../../../../../../Users/Django Durango/My Projects/Unreal Projects/TheTake/Intermediate/Shaders/WorkingDirectory/207976/).
[2015.12.07-12.08.55:212][  0]LogShaderCompilers: Cleaned the shader compiler working directory 'C:/Users/DJANGO~1/AppData/Local/Temp/UnrealShaderWorkingDir/1790E3354CF50D04C6BA5489B19CAB66/'.
[2015.12.07-12.08.55:212][  0]LogShaderCompilers:Display: Using Local Shader Compiler.
[2015.12.07-12.08.59:083][  0]LogTemp:Display: Loaded TP AllDesktopTargetPlatform
[2015.12.07-12.08.59:098][  0]LogTemp:Display: Loaded TP WindowsClientTargetPlatform
[2015.12.07-12.08.59:111][  0]LogTemp:Display: Loaded TP WindowsNoEditorTargetPlatform
[2015.12.07-12.08.59:126][  0]LogTemp:Display: Loaded TP WindowsServerTargetPlatform
[2015.12.07-12.08.59:138][  0]LogTemp:Display: Loaded TP WindowsTargetPlatform
[2015.12.07-12.08.59:148][  0]LogTemp:Display: Loaded TP AndroidTargetPlatform
[2015.12.07-12.08.59:159][  0]LogTemp:Display: Loaded TP Android_ASTCTargetPlatform
[2015.12.07-12.08.59:167][  0]LogTemp:Display: Loaded TP Android_ATCTargetPlatform
[2015.12.07-12.08.59:178][  0]LogTemp:Display: Loaded TP Android_DXTTargetPlatform
[2015.12.07-12.08.59:189][  0]LogTemp:Display: Loaded TP Android_ETC1TargetPlatform
[2015.12.07-12.08.59:200][  0]LogTemp:Display: Loaded TP Android_ETC2TargetPlatform
[2015.12.07-12.08.59:228][  0]LogTemp:Display: Loaded TP Android_MultiTargetPlatform
[2015.12.07-12.08.59:228][  0]LogTemp:Display: Loaded TP Android_PVRTCTargetPlatform
[2015.12.07-12.08.59:230][  0]LogTemp:Display: Loaded TP HTML5TargetPlatform
[2015.12.07-12.08.59:260][  0]LogTemp:Display: Loaded TP IOSTargetPlatform
[2015.12.07-12.08.59:268][  0]LogTemp:Display: Loaded TP LinuxNoEditorTargetPlatform
[2015.12.07-12.08.59:277][  0]LogTemp:Display: Loaded TP LinuxServerTargetPlatform
[2015.12.07-12.08.59:285][  0]LogTemp:Display: Loaded TP LinuxTargetPlatform
[2015.12.07-12.08.59:285][  0]LogTargetPlatformManager:Display: Building Assets For Windows
[2015.12.07-12.08.59:535][  0]LogDerivedDataCache:Display: Max Cache Size: 512 MB
[2015.12.07-12.08.59:711][  0]LogDerivedDataCache: Loaded boot cache 0.18s 41MB C:/Users/Django Durango/AppData/Local/UnrealEngine/4.10/DerivedDataCache/Boot.ddc.
[2015.12.07-12.08.59:711][  0]LogDerivedDataCache:Display: Loaded Boot cache: C:/Users/Django Durango/AppData/Local/UnrealEngine/4.10/DerivedDataCache/Boot.ddc
[2015.12.07-12.08.59:711][  0]LogDerivedDataCache: FDerivedDataBackendGraph:  Pak pak cache file ../../../../../../Users/Django Durango/My Projects/Unreal Projects/TheTake/DerivedDataCache/DDC.ddp not found, will not use a pak cache.
[2015.12.07-12.08.59:711][  0]LogDerivedDataCache: Unable to find inner node Pak for hierarchical cache Hierarchy.
[2015.12.07-12.08.59:712][  0]LogDerivedDataCache: FDerivedDataBackendGraph:  CompressedPak pak cache file ../../../../../../Users/Django Durango/My Projects/Unreal Projects/TheTake/DerivedDataCache/Compressed.ddp not found, will not use a pak cache.
[2015.12.07-12.08.59:712][  0]LogDerivedDataCache: Unable to find inner node CompressedPak for hierarchical cache Hierarchy.
[2015.12.07-12.08.59:908][  0]LogDerivedDataCache:Display: Pak cache opened for reading ../../../Engine/DerivedDataCache/Compressed.ddp.
[2015.12.07-12.08.59:937][  0]LogDerivedDataCache: Using Local data cache path C:/Users/Django Durango/AppData/Local/UnrealEngine/Common/DerivedDataCache: Writable
[2015.12.07-12.09.00:450][  0]LogInit: Selected Device Profile: [Windows]
[2015.12.07-12.09.00:451][  0]LogContentStreaming: Texture pool size is 0.000000MB
[2015.12.07-12.09.00:545][  0]LogMeshUtilities: No automatic mesh reduction module available
[2015.12.07-12.09.00:545][  0]LogMeshUtilities: No automatic mesh merging module available
[2015.12.07-12.09.01:597][  0]LogInit: WinSock: version 1.1 (2.2), MaxSocks=32767, MaxUdp=65467
[2015.12.07-12.09.03:849][  0]UdpMessaging: Initializing bridge on interface 0.0.0.0:0 to multicast group 230.0.0.1:6666.
[2015.12.07-12.09.04:020][  0]LogAssetRegistry: FAssetRegistry took 0.0112 seconds to start up
[2015.12.07-12.09.04:464][  0]SourceControl: Info Source control is disabled
[2015.12.07-12.09.04:466][  0]SourceControl: Info Source control is disabled
[2015.12.07-12.09.04:493][  0]SourceControl: Info Source control is disabled
[2015.12.07-12.09.04:521][  0]SourceControl: Info Source control is disabled
[2015.12.07-12.09.05:225][  0]LogObj: 28633 objects as part of root set at end of initial load.
[2015.12.07-12.09.05:225][  0]LogUObjectAllocator: 6099744 out of 0 bytes used by permanent object pool.
[2015.12.07-12.09.05:360][  0]LogEngine: Initializing Engine...
[2015.12.07-12.09.05:366][  0]LogHMD: Can't find Oculus library dev build: is proper Runtime installed? Version: 0.8.0.0
[2015.12.07-12.09.05:953][  0]LogHMD: SteamVR failed to initialize.  Err: 108
[2015.12.07-12.09.06:306][  0]LogAIModule: Creating AISystem for world NewWorld
[2015.12.07-12.09.06:346][  0]LogInit: XAudio2 using 'Speakers (High Definition Audio Device)' : 2 channels at 44.1 kHz using 16 bits per sample (channel mask 0x3)
[2015.12.07-12.09.06:440][  0]LogInit: FAudioDevice initialized.
[2015.12.07-12.09.06:503][  0]LogDerivedDataCache: Saved boot cache 0.06s 41MB C:/Users/Django Durango/AppData/Local/UnrealEngine/4.10/DerivedDataCache/Boot.ddc.
[2015.12.07-12.09.06:532][  0]LogInit: Texture streaming: Enabled
[2015.12.07-12.09.06:553][  0]LogAnalytics: Creating configured Analytics provider AnalyticsET
[2015.12.07-12.09.06:553][  0]LogAnalytics: [UEEditor.Rocket.Release] APIServer = http://et2.epicgames.com/ET2/. AppVersion = 4.10.0-2758231+++depot+UE4-Releases+4.10
[2015.12.07-12.09.06:553][  0]LogAnalytics: [UEEditor.Rocket.Release] SetUserId 1775ef084fd9c2543bd0be8890a00cb3|d7dcbdce2a7440c2b1f776cb88e01d44|976adfce-38ae-491a-8e36-02313cc6a396
[2015.12.07-12.09.06:553][  0]LogAnalytics: [UEEditor.Rocket.Release] AnalyticsET::StartSession
[2015.12.07-12.09.06:738][  0]LogInit: Transaction tracking system initialized
[2015.12.07-12.09.06:809][  0]BlueprintLog: New page: Editor Load
[2015.12.07-12.09.07:043][  0]LocalizationService: Info Localization service is disabled
[2015.12.07-12.09.07:367][  0]LogLinker:Warning: Can't find file '/Engine/Transient'
[2015.12.07-12.09.07:367][  0]LogUObjectGlobals:Warning: Failed to find object 'Class /Engine/Transient.REINST_ThirdPersonOverview_C_77'
[2015.12.07-12.09.07:450][  0]LogConsoleResponse:Display: 
[2015.12.07-12.09.07:974][  0]LogCook:Display: Done creating registry. It took  0.00s.
[2015.12.07-12.09.07:979][  0]LogFileCache: Scanning file cache for directory 'C:/Users/Django Durango/My Projects/Unreal Projects/TheTake/Content/' took 0.05s
[2015.12.07-12.09.08:407][  0]SourceControl: Info Source control is disabled
[2015.12.07-12.09.08:407][  0]Cmd: MAP LOAD FILE="../../../../../../Users/Django Durango/My Projects/Unreal Projects/TheTake/Content/Levels/ThirdPersonExampleMap.umap" TEMPLATE=0 SHOWPROGRESS=1 FEATURELEVEL=3
[2015.12.07-12.09.08:409][  0]LightingResults: New page: Lighting Build
[2015.12.07-12.09.08:453][  0]MapCheck: New page: Map Check
[2015.12.07-12.09.08:453][  0]LightingResults: New page: Lighting Build
[2015.12.07-12.09.08:535][  0]LogParticles: Destroying 0 GPU particle simulations for FXSystem 0x0000000023C3AAC0
[2015.12.07-12.09.09:928][  0]LogAIModule: Creating AISystem for world ThirdPersonExampleMap
[2015.12.07-12.09.09:952][  0]LogEditorServer: Finished looking for orphan Actors (0.000 secs)
[2015.12.07-12.09.09:952][  0]Cmd: MAP CHECKDEP NOCLEARLOG
[2015.12.07-12.09.10:133][  0]MapCheck: Info Map check complete: 0 Error(s), 0 Warning(s), took 180.765ms to complete.
[2015.12.07-12.09.10:134][  0]LogFileHelpers: Loading map 'ThirdPersonExampleMap' took 1.727
[2015.12.07-12.09.10:603][  0]LogCollectionManager: Loaded 0 collections in 0.007221 seconds
[2015.12.07-12.09.10:819][  0]LogFileCache: Scanning file cache for directory 'C:/Users/Django Durango/My Projects/Unreal Projects/TheTake/Saved/Collections/' took 0.07s
[2015.12.07-12.09.10:819][  0]LogFileCache: Scanning file cache for directory 'C:/Users/Django Durango/My Projects/Unreal Projects/TheTake/Content/Developers/DjangoDurango/Collections/' took 0.05s
[2015.12.07-12.09.10:819][  0]LogFileCache: Scanning file cache for directory 'C:/Users/Django Durango/My Projects/Unreal Projects/TheTake/Content/Collections/' took 0.00s
[2015.12.07-12.09.10:819][  0]LogCollectionManager: Rebuilt the GUID cache for 0 collections in 0.000003 seconds
[2015.12.07-12.09.10:839][  0]LogContentBrowser: Native class hierarchy populated in 0.0201 seconds. Added 1893 classes and 338 folders.
[2015.12.07-12.09.10:921][  0]LogContentBrowser: Native class hierarchy updated for 'WidgetCarousel' in 0.0008 seconds. Added 0 classes and 0 folders.
[2015.12.07-12.09.11:090][  0]LogContentBrowser: Native class hierarchy updated for 'AddContentDialog' in 0.0009 seconds. Added 0 classes and 0 folders.
[2015.12.07-12.09.11:104][  0]LogContentBrowser: Native class hierarchy updated for 'SceneOutliner' in 0.0008 seconds. Added 1 classes and 2 folders.
[2015.12.07-12.09.11:217][  0]LogCrashTracker: Crashtracker disabled due to settings.
[2015.12.07-12.09.11:223][  0]LogUObjectGlobals:Warning: Failed to find object 'Class None.'
[2015.12.07-12.09.11:326][  0]LogLoad: Full Startup: 19.00 seconds (BP compile: 0.27 seconds)
[2015.12.07-12.09.11:394][  0]LogOcInput: Can't find Oculus library dev build: is proper Runtime installed? Version: 0.8.0.0
[2015.12.07-12.09.11:506][  0]LogContentStreaming: Texture pool size now 1000 MB
[2015.12.07-12.09.12:050][  0]LogRenderer: Reallocating scene render targets to support 1208x572 (Frame:2).
[2015.12.07-12.09.20:310][  7]LogAssetRegistry: Asset discovery search completed in 16.3007 seconds
[2015.12.07-12.09.20:310][  7]LogCollectionManager: Rebuilt the object cache for 0 collections in 0.000001 seconds (found 0 objects)
[2015.12.07-12.09.20:310][  7]LogCollectionManager: Fixed up redirectors for 0 collections in 0.000042 seconds (updated 0 objects)
[2015.12.07-12.10.16:521][202]LogActorComponent: UnregisterComponent: (/Engine/Transient.CharMoveComp) Not registered. Aborting.
[2015.12.07-12.10.18:620][202]LogSavePackage: Save=1954.191162ms
[2015.12.07-12.10.18:620][202]LogSavePackage: Moving '../../../../../../Users/Django Durango/My Projects/Unreal Projects/TheTake/Saved/ThirdPersonExampleMapD41C2F534B8A367DCB7B82AD9B709CB3.tmp' to '../../../../../../Users/Django Durango/My Projects/Unreal Projects/TheTake/Content/Levels/ThirdPersonExampleMap.umap'
[2015.12.07-12.10.18:624][202]LogSavePackage: Total save time: 2014.373351ms
[2015.12.07-12.10.18:624][202]LogSavePackage:Display: Finished SavePackage ../../../../../../Users/Django Durango/My Projects/Unreal Projects/TheTake/Content/Levels/ThirdPersonExampleMap.umap
[2015.12.07-12.10.28:945][718]LogSourceControl: Attempting "svn info "C:/Users/Django Durango/My Projects/Unreal Projects/TheTake/" --xml --non-interactive --trust-server-cert --username Django --password ********"
[2015.12.07-12.10.30:646][790]LogSourceControl: Unable to detect system-level svn binary.
[2015.12.07-12.10.30:646][790]LogSourceControl: Using path C:/Program Files/Epic Games/4.10/Engine/Binaries/ThirdParty/svn/Win64/svn.exe for svn operations
[2015.12.07-12.10.31:481][835]LogSourceControl: Attempting "svn status --show-updates --verbose --xml "C:/Users/Django Durango/My Projects/Unreal Projects/TheTake/" --non-interactive --trust-server-cert --username Django --password ********"
[2015.12.07-12.10.35:455][ 23]SourceControl:Error: Error svn: E230001: Unable to connect to a repository at URL 'https://dj-desktop:8443/svn/TheTake'
[2015.12.07-12.10.35:455][ 23]SourceControl:Error: Error svn: E230001: Server SSL certificate untrusted
[2015.12.07-12.10.35:455][ 23]SourceControl:Error: Error Failed to connect to source control. Check your settings and connection then try again.
[2015.12.07-12.13.38:763][624]LogSourceControl: Attempting "svn info "C:/Users/Django Durango/My Projects/Unreal Projects/TheTake/" --xml --non-interactive --trust-server-cert --username Django --password ********"
[2015.12.07-12.13.39:118][638]LogSourceControl: Attempting "svn status --show-updates --verbose --xml "C:/Users/Django Durango/My Projects/Unreal Projects/TheTake/" --non-interactive --trust-server-cert --username Django --password ********"
[2015.12.07-12.13.41:029][700]SourceControl:Error: Error svn: E230001: Unable to connect to a repository at URL 'https://dj-desktop:8443/svn/TheTake'
[2015.12.07-12.13.41:029][700]SourceControl:Error: Error svn: E230001: Server SSL certificate untrusted
[2015.12.07-12.13.41:030][700]SourceControl:Error: Error Failed to connect to source control. Check your settings and connection then try again.
[2015.12.07-12.15.05:192][574]LogSourceControl: Attempting "svn info "C:/Users/Django Durango/My Projects/Unreal Projects/TheTake/" --xml --non-interactive --trust-server-cert --username Django --password ********"
[2015.12.07-12.15.05:549][592]LogSourceControl: Attempting "svn status --show-updates --verbose --xml "C:/Users/Django Durango/My Projects/Unreal Projects/TheTake/" --non-interactive --trust-server-cert --username Django --password ********"
[2015.12.07-12.15.08:182][709]SourceControl:Error: Error svn: E230001: Unable to connect to a repository at URL 'https://dj-desktop:8443/svn/TheTake'
[2015.12.07-12.15.08:182][709]SourceControl:Error: Error svn: E230001: Server SSL certificate untrusted
[2015.12.07-12.15.08:182][709]SourceControl:Error: Error Failed to connect to source control. Check your settings and connection then try again.
[2015.12.07-13.23.57:042][676]SourceControl: Info Source control is disabled
[2015.12.07-13.24.01:779][724]LogSavePackage: Save=2806.362793ms
[2015.12.07-13.24.01:779][724]LogSavePackage: Moving '../../../../../../Users/Django Durango/My Projects/Unreal Projects/TheTake/Saved/ThirdPersonExampleMap3E5349E74AC53C882245B6BFA929F6B3.tmp' to '../../../../../../Users/Django Durango/My Projects/Unreal Projects/TheTake/Content/Levels/ThirdPersonExampleMap.umap'
[2015.12.07-13.24.01:784][724]LogSavePackage: Total save time: 3039.607469ms
[2015.12.07-13.24.01:784][724]LogSavePackage:Display: Finished SavePackage ../../../../../../Users/Django Durango/My Projects/Unreal Projects/TheTake/Content/Levels/ThirdPersonExampleMap.umap
[2015.12.07-13.24.07:119][775]Cmd: QUIT_EDITOR
[2015.12.07-13.24.18:270][775]LogExit: Preparing to exit.
[2015.12.07-13.24.23:711][775]LogExit: Editor shut down
[2015.12.07-13.24.23:764][775]LogExit: Transaction tracking system shut down
[2015.12.07-13.24.24:092][775]LogParticles: Destroying 0 GPU particle simulations for FXSystem 0x0000000011728F40
[2015.12.07-13.24.24:093][775]LogParticles: Destroying 0 GPU particle simulations for FXSystem 0x0000000021764860
[2015.12.07-13.24.24:094][775]LogParticles: Destroying 0 GPU particle simulations for FXSystem 0x0000000021766700
[2015.12.07-13.24.28:197][775]LogParticles: Destroying 0 GPU particle simulations for FXSystem 0x0000000021766480
[2015.12.07-13.24.28:198][775]LogParticles: Destroying 0 GPU particle simulations for FXSystem 0x00000000217667A0
[2015.12.07-13.24.28:198][775]LogExit: Object subsystem successfully closed.
[2015.12.07-13.24.32:279][775]LogD3D11RHI: Shutdown
[2015.12.07-13.24.32:279][775]LogD3D11RHI: CleanupD3DDevice
[2015.12.07-13.24.34:468][775]LogD3D11RHI: ~FD3D11DynamicRHI
[2015.12.07-13.24.35:181][775]LogModuleManager: Shutting down and abandoning module CookingStats (199)
[2015.12.07-13.24.35:181][775]LogModuleManager: Shutting down and abandoning module CrashTracker (198)
[2015.12.07-13.24.35:181][775]LogModuleManager: Shutting down and abandoning module SceneOutliner (197)
[2015.12.07-13.24.35:181][775]LogModuleManager: Shutting down and abandoning module SuperSearch (196)
[2015.12.07-13.24.35:181][775]LogModuleManager: Shutting down and abandoning module WidgetCarousel (195)
[2015.12.07-13.24.35:181][775]LogModuleManager: Shutting down and abandoning module AddContentDialog (194)
[2015.12.07-13.24.35:273][775]LogModuleManager: Shutting down and abandoning module EditorWidgets (193)
[2015.12.07-13.24.35:273][775]LogModuleManager: Shutting down and abandoning module CollectionManager (192)
[2015.12.07-13.24.35:296][775]LogModuleManager: Shutting down and abandoning module StatsViewer (191)
[2015.12.07-13.24.35:315][775]LogModuleManager: Shutting down and abandoning module FoliageEdit (190)
[2015.12.07-13.24.35:315][775]LogModuleManager: Shutting down and abandoning module LandscapeEditor (189)
[2015.12.07-13.24.35:347][775]LogModuleManager: Shutting down and abandoning module ActorPickerMode (188)
[2015.12.07-13.24.35:347][775]LogModuleManager: Shutting down and abandoning module GeometryMode (187)
[2015.12.07-13.24.35:347][775]LogModuleManager: Shutting down and abandoning module TextureAlignMode (186)
[2015.12.07-13.24.35:347][775]LogModuleManager: Shutting down and abandoning module BspMode (185)
[2015.12.07-13.24.35:347][775]LogModuleManager: Shutting down and abandoning module PlacementMode (184)
[2015.12.07-13.24.35:347][775]LogModuleManager: Shutting down and abandoning module AutomationWorker (183)
[2015.12.07-13.24.35:347][775]LogModuleManager: Shutting down and abandoning module CharacterAI (182)
[2015.12.07-13.24.35:347][775]LogModuleManager: Shutting down and abandoning module SmartSnapping (181)
[2015.12.07-13.24.35:347][775]LogModuleManager: Shutting down and abandoning module ViewportSnapping (180)
[2015.12.07-13.24.35:347][775]LogModuleManager: Shutting down and abandoning module LogVisualizer (179)
[2015.12.07-13.24.35:355][775]LogModuleManager: Shutting down and abandoning module GameProjectGeneration (178)
[2015.12.07-13.24.35:355][775]LogModuleManager: Shutting down and abandoning module IntroTutorials (177)
[2015.12.07-13.24.35:380][775]LogModuleManager: Shutting down and abandoning module EditorLiveStreaming (176)
[2015.12.07-13.24.35:380][775]LogModuleManager: Shutting down and abandoning module IOSPlatformEditor (175)
[2015.12.07-13.24.35:391][775]LogModuleManager: Shutting down and abandoning module HTML5PlatformEditor (174)
[2015.12.07-13.24.35:391][775]LogModuleManager: Shutting down and abandoning module AndroidDeviceDetection (173)
[2015.12.07-13.24.36:325][775]LogModuleManager: Shutting down and abandoning module AndroidPlatformEditor (172)
[2015.12.07-13.24.36:325][775]LogModuleManager: Shutting down and abandoning module IOSRuntimeSettings (171)
[2015.12.07-13.24.36:325][775]LogModuleManager: Shutting down and abandoning module AndroidRuntimeSettings (170)
[2015.12.07-13.24.36:325][775]LogModuleManager: Shutting down and abandoning module MergeActors (169)
[2015.12.07-13.24.36:325][775]LogModuleManager: Shutting down and abandoning module SizeMap (168)
[2015.12.07-13.24.36:325][775]LogModuleManager: Shutting down and abandoning module TreeMap (167)
[2015.12.07-13.24.36:325][775]LogModuleManager: Shutting down and abandoning module ReferenceViewer (166)
[2015.12.07-13.24.36:336][775]LogModuleManager: Shutting down and abandoning module LocalizationService (165)
[2015.12.07-13.24.36:336][775]LogModuleManager: Shutting down and abandoning module LocalizationDashboard (164)
[2015.12.07-13.24.36:336][775]LogModuleManager: Shutting down and abandoning module HardwareTargeting (163)
[2015.12.07-13.24.36:345][775]LogModuleManager: Shutting down and abandoning module DeviceProfileEditor (162)
[2015.12.07-13.24.36:345][775]LogModuleManager: Shutting down and abandoning module UndoHistory (161)
[2015.12.07-13.24.36:345][775]LogModuleManager: Shutting down and abandoning module GameplayTagsEditor (160)
[2015.12.07-13.24.36:352][775]LogModuleManager: Shutting down and abandoning module UserFeedback (159)
[2015.12.07-13.24.36:352][775]LogModuleManager: Shutting down and abandoning module XmlParser (158)
[2015.12.07-13.24.36:352][775]LogModuleManager: Shutting down and abandoning module Blutility (157)
[2015.12.07-13.24.36:352][775]LogModuleManager: Shutting down and abandoning module ProjectTargetPlatformEditor (156)
[2015.12.07-13.24.36:352][775]LogModuleManager: Shutting down and abandoning module ProjectSettingsViewer (155)
[2015.12.07-13.24.36:352][775]LogModuleManager: Shutting down and abandoning module InputBindingEditor (154)
[2015.12.07-13.24.36:382][775]LogModuleManager: Shutting down and abandoning module EditorSettingsViewer (153)
[2015.12.07-13.24.36:382][775]LogModuleManager: Shutting down and abandoning module SettingsEditor (152)
[2015.12.07-13.24.36:391][775]LogModuleManager: Shutting down and abandoning module ProjectLauncher (151)
[2015.12.07-13.24.36:421][775]LogModuleManager: Shutting down and abandoning module SessionFrontend (150)
[2015.12.07-13.24.36:430][775]LogModuleManager: Shutting down and abandoning module ProfilerClient (149)
[2015.12.07-13.24.36:457][775]LogModuleManager: Shutting down and abandoning module TargetDeviceServices (148)
[2015.12.07-13.24.36:457][775]LogModuleManager: Shutting down and abandoning module DeviceManager (147)
[2015.12.07-13.24.36:457][775]LogModuleManager: Shutting down and abandoning module AutomationController (146)
[2015.12.07-13.24.36:469][775]LogModuleManager: Shutting down and abandoning module AutomationWindow (145)
[2015.12.07-13.24.36:469][775]LogModuleManager: Shutting down and abandoning module Layers (144)
[2015.12.07-13.24.36:492][775]LogModuleManager: Shutting down and abandoning module ComponentVisualizers (143)
[2015.12.07-13.24.36:493][775]LogModuleManager: Shutting down and abandoning module DetailCustomizations (142)
[2015.12.07-13.24.36:503][775]LogModuleManager: Shutting down and abandoning module PackagesDialog (141)
[2015.12.07-13.24.36:504][775]LogModuleManager: Shutting down and abandoning module Persona (140)
[2015.12.07-13.24.36:514][775]LogModuleManager: Shutting down and abandoning module Kismet (139)
[2015.12.07-13.24.36:514][775]LogModuleManager: Shutting down and abandoning module GraphEditor (138)
[2015.12.07-13.24.36:565][775]LogModuleManager: Shutting down and abandoning module ClassViewer (137)
[2015.12.07-13.24.36:565][775]LogModuleManager: Shutting down and abandoning module Toolbox (136)
[2015.12.07-13.24.36:565][775]LogModuleManager: Shutting down and abandoning module ModuleUI (135)
[2015.12.07-13.24.36:588][775]LogModuleManager: Shutting down and abandoning module MovieSceneTools (134)
[2015.12.07-13.24.36:588][775]LogModuleManager: Shutting down and abandoning module OutputLog (133)
[2015.12.07-13.24.36:588][775]LogModuleManager: Shutting down and abandoning module GammaUI (132)
[2015.12.07-13.24.36:588][775]LogModuleManager: Shutting down and abandoning module Documentation (131)
[2015.12.07-13.24.36:588][775]LogModuleManager: Shutting down and abandoning module GameLiveStreaming (130)
[2015.12.07-13.24.36:608][775]LogModuleManager: Shutting down and abandoning module StreamingPauseRendering (129)
[2015.12.07-13.24.36:608][775]LogModuleManager: Shutting down and abandoning module AnalyticsET (128)
[2015.12.07-13.24.36:608][775]LogModuleManager: Shutting down and abandoning module Analytics (127)
[2015.12.07-13.24.36:608][775]LogModuleManager: Shutting down and abandoning module AITestSuite (126)
[2015.12.07-13.24.36:608][775]LogModuleManager: Shutting down and abandoning module GameplayDebugger (125)
[2015.12.07-13.24.36:608][775]LogModuleManager: Shutting down and abandoning module AIModule (124)
[2015.12.07-13.24.36:624][775]LogModuleManager: Shutting down and abandoning module ProfilerService (123)
[2015.12.07-13.24.36:814][775]LogModuleManager: Shutting down and abandoning module TaskGraph (122)
[2015.12.07-13.24.36:833][775]LogModuleManager: Shutting down and abandoning module SlateRemote (121)
[2015.12.07-13.24.36:833][775]LogModuleManager: Shutting down and abandoning module SteamVRController (120)
[2015.12.07-13.24.36:833][775]LogModuleManager: Shutting down and abandoning module SteamVR (119)
[2015.12.07-13.24.36:833][775]LogModuleManager: Shutting down and abandoning module ProceduralMeshComponent (118)
[2015.12.07-13.24.36:841][775]LogModuleManager: Shutting down and abandoning module OculusLibrary (117)
[2015.12.07-13.24.36:841][775]LogModuleManager: Shutting down and abandoning module OculusInput (116)
[2015.12.07-13.24.36:841][775]LogModuleManager: Shutting down and abandoning module LeapMotionController (115)
[2015.12.07-13.24.36:949][775]LogModuleManager: Shutting down and abandoning module CustomMeshComponent (114)
[2015.12.07-13.24.36:949][775]LogModuleManager: Shutting down and abandoning module CableComponent (113)
[2015.12.07-13.24.36:949][775]LogModuleManager: Shutting down and abandoning module ArchVisCharacter (112)
[2015.12.07-13.24.36:950][775]LogModuleManager: Shutting down and abandoning module MessagingDebugger (111)
[2015.12.07-13.24.36:962][775]LogModuleManager: Shutting down and abandoning module MediaPlayerEditor (110)
[2015.12.07-13.24.36:962][775]LogModuleManager: Shutting down and abandoning module HTML5Networking (109)
[2015.12.07-13.24.36:963][775]LogModuleManager: Shutting down and abandoning module SpeedTreeImporter (108)
[2015.12.07-13.24.36:963][775]LogModuleManager: Shutting down and abandoning module PluginBrowser (107)
[2015.12.07-13.24.36:981][775]LogModuleManager: Shutting down and abandoning module EpicSurvey (106)
[2015.12.07-13.24.36:981][775]LogModuleManager: Shutting down and abandoning module DesktopPlatform (105)
[2015.12.07-13.24.36:992][775]LogModuleManager: Shutting down and abandoning module VisualStudioSourceCodeAccess (104)
[2015.12.07-13.24.36:992][775]LogModuleManager: Shutting down and abandoning module UObjectPlugin (103)
[2015.12.07-13.24.36:992][775]LogModuleManager: Shutting down and abandoning module SubversionSourceControl (102)
[2015.12.07-13.24.36:992][775]LogModuleManager: Shutting down and abandoning module PerforceSourceControl (101)
[2015.12.07-13.24.37:013][775]LogModuleManager: Shutting down and abandoning module SourceControl (100)
[2015.12.07-13.24.37:013][775]LogModuleManager: Shutting down and abandoning module GitSourceControl (99)
[2015.12.07-13.24.37:023][775]LogModuleManager: Shutting down and abandoning module LightPropagationVolumeEditor (98)
[2015.12.07-13.24.37:023][775]LogModuleManager: Shutting down and abandoning module PaperTiledImporter (97)
[2015.12.07-13.24.37:023][775]LogModuleManager: Shutting down and abandoning module PaperSpriteSheetImporter (96)
[2015.12.07-13.24.37:023][775]LogModuleManager: Shutting down and abandoning module MeshPaint (95)
[2015.12.07-13.24.37:023][775]LogModuleManager: Shutting down and abandoning module SlateReflector (94)
[2015.12.07-13.24.37:028][775]LogModuleManager: Shutting down and abandoning module HotReload (93)
[2015.12.07-13.24.37:028][775]LogModuleManager: Shutting down and abandoning module MainFrame (92)
[2015.12.07-13.24.37:028][775]LogModuleManager: Shutting down and abandoning module LevelEditor (91)
[2015.12.07-13.24.37:043][775]LogModuleManager: Shutting down and abandoning module DirectoryWatcher (90)
[2015.12.07-13.24.37:045][775]LogModuleManager: Shutting down and abandoning module AssetRegistry (89)
[2015.12.07-13.24.37:462][775]LogModuleManager: Shutting down and abandoning module ContentBrowser (88)
[2015.12.07-13.24.37:464][775]LogModuleManager: Shutting down and abandoning module Paper2DEditor (87)
[2015.12.07-13.24.37:492][775]LogModuleManager: Shutting down and abandoning module UdpMessaging (86)
[2015.12.07-13.24.37:592][775]LogModuleManager: Shutting down and abandoning module LightPropagationVolumeRuntime (85)
[2015.12.07-13.24.37:592][775]LogModuleManager: Shutting down and abandoning module Paper2D (84)
[2015.12.07-13.24.37:622][775]LogModuleManager: Shutting down and abandoning module WindowsMoviePlayer (83)
[2015.12.07-13.24.37:634][775]LogModuleManager: Shutting down and abandoning module Media (82)
[2015.12.07-13.24.37:634][775]LogModuleManager: Shutting down and abandoning module WmfMedia (81)
[2015.12.07-13.24.37:677][775]LogModuleManager: Shutting down and abandoning module OnlineBlueprintSupport (80)
[2015.12.07-13.24.37:677][775]LogModuleManager: Shutting down and abandoning module GameplayTasksEditor (79)
[2015.12.07-13.24.37:677][775]LogModuleManager: Shutting down and abandoning module PropertyEditor (78)
[2015.12.07-13.24.37:688][775]LogModuleManager: Shutting down and abandoning module BehaviorTreeEditor (77)
[2015.12.07-13.24.37:688][775]LogModuleManager: Shutting down and abandoning module FunctionalTesting (76)
[2015.12.07-13.24.37:688][775]LogModuleManager: Shutting down and abandoning module CollisionAnalyzer (75)
[2015.12.07-13.24.37:700][775]LogModuleManager: Shutting down and abandoning module WorkspaceMenuStructure (74)
[2015.12.07-13.24.37:700][775]LogModuleManager: Shutting down and abandoning module MessageLog (73)
[2015.12.07-13.24.37:700][775]LogModuleManager: Shutting down and abandoning module Sequencer (72)
[2015.12.07-13.24.37:701][775]LogModuleManager: Shutting down and abandoning module AssetTools (71)
[2015.12.07-13.24.37:701][775]LogModuleManager: Shutting down and abandoning module UMGEditor (70)
[2015.12.07-13.24.37:723][775]LogModuleManager: Shutting down and abandoning module UMG (69)
[2015.12.07-13.24.37:738][775]LogModuleManager: Shutting down and abandoning module Slate (68)
[2015.12.07-13.24.37:738][775]LogModuleManager: Shutting down and abandoning module EditorStyle (67)
[2015.12.07-13.24.37:755][775]LogModuleManager: Shutting down and abandoning module SessionServices (66)
[2015.12.07-13.24.37:755][775]LogModuleManager: Shutting down and abandoning module SourceCodeAccess (65)
[2015.12.07-13.24.37:755][775]LogModuleManager: Shutting down and abandoning module HeadMountedDisplay (64)
[2015.12.07-13.24.37:755][775]LogModuleManager: Shutting down and abandoning module XAudio2 (63)
[2015.12.07-13.24.37:755][775]LogModuleManager: Shutting down and abandoning module Networking (61)
[2015.12.07-13.24.37:755][775]LogModuleManager: Shutting down and abandoning module Core (60)
[2015.12.07-13.24.37:755][775]LogModuleManager: Shutting down and abandoning module KismetCompiler (59)
[2015.12.07-13.24.37:755][775]LogModuleManager: Shutting down and abandoning module PhysXFormats (58)
[2015.12.07-13.24.37:755][775]LogModuleManager: Shutting down and abandoning module MeshUtilities (57)
[2015.12.07-13.24.37:755][775]LogModuleManager: Shutting down and abandoning module DerivedDataCache (56)
[2015.12.07-13.24.37:842][775]LogDerivedDataCache: Shutdown
[2015.12.07-13.24.37:843][775]LogModuleManager: Shutting down and abandoning module ShaderFormatOpenGL (55)
[2015.12.07-13.24.37:843][775]LogModuleManager: Shutting down and abandoning module ShaderFormatD3D (54)
[2015.12.07-13.24.37:843][775]LogModuleManager: Shutting down and abandoning module MetalShaderFormat (53)
[2015.12.07-13.24.37:843][775]LogModuleManager: Shutting down and abandoning module TextureFormatUncompressed (52)
[2015.12.07-13.24.37:843][775]LogModuleManager: Shutting down and abandoning module TextureFormatPVR (51)
[2015.12.07-13.24.37:843][775]LogModuleManager: Shutting down and abandoning module TextureFormatIntelISPCTexComp (50)
[2015.12.07-13.24.37:843][775]LogModuleManager: Shutting down and abandoning module TextureFormatDXT (49)
[2015.12.07-13.24.37:856][775]LogModuleManager: Shutting down and abandoning module ImageWrapper (48)
[2015.12.07-13.24.37:856][775]LogModuleManager: Shutting down and abandoning module TextureFormatASTC (47)
[2015.12.07-13.24.37:856][775]LogModuleManager: Shutting down and abandoning module TextureFormatAndroid (46)
[2015.12.07-13.24.37:856][775]LogModuleManager: Shutting down and abandoning module AudioFormatOpus (45)
[2015.12.07-13.24.37:856][775]LogModuleManager: Shutting down and abandoning module AudioFormatOgg (44)
[2015.12.07-13.24.37:856][775]LogModuleManager: Shutting down and abandoning module AudioFormatADPCM (43)
[2015.12.07-13.24.37:856][775]LogModuleManager: Shutting down and abandoning module LinuxTargetPlatform (42)
[2015.12.07-13.24.37:856][775]LogModuleManager: Shutting down and abandoning module LinuxServerTargetPlatform (41)
[2015.12.07-13.24.37:856][775]LogModuleManager: Shutting down and abandoning module LinuxNoEditorTargetPlatform (40)
[2015.12.07-13.24.37:856][775]LogModuleManager: Shutting down and abandoning module Messaging (39)
[2015.12.07-13.24.37:857][775]LogModuleManager: Shutting down and abandoning module IOSTargetPlatform (38)
[2015.12.07-13.24.37:857][775]LogModuleManager: Shutting down and abandoning module HTML5TargetPlatform (37)
[2015.12.07-13.24.37:857][775]LogModuleManager: Shutting down and abandoning module Android_PVRTCTargetPlatform (36)
[2015.12.07-13.24.37:857][775]LogModuleManager: Shutting down and abandoning module Android_MultiTargetPlatform (35)
[2015.12.07-13.24.37:857][775]LogModuleManager: Shutting down and abandoning module Android_ETC2TargetPlatform (34)
[2015.12.07-13.24.37:857][775]LogModuleManager: Shutting down and abandoning module Android_ETC1TargetPlatform (33)
[2015.12.07-13.24.37:857][775]LogModuleManager: Shutting down and abandoning module Android_DXTTargetPlatform (32)
[2015.12.07-13.24.37:857][775]LogModuleManager: Shutting down and abandoning module Android_ATCTargetPlatform (31)
[2015.12.07-13.24.37:857][775]LogModuleManager: Shutting down and abandoning module Android_ASTCTargetPlatform (30)
[2015.12.07-13.24.37:857][775]LogModuleManager: Shutting down and abandoning module AndroidTargetPlatform (29)
[2015.12.07-13.24.37:857][775]LogModuleManager: Shutting down and abandoning module WindowsTargetPlatform (28)
[2015.12.07-13.24.37:857][775]LogModuleManager: Shutting down and abandoning module WindowsServerTargetPlatform (27)
[2015.12.07-13.24.37:857][775]LogModuleManager: Shutting down and abandoning module WindowsNoEditorTargetPlatform (26)
[2015.12.07-13.24.37:857][775]LogModuleManager: Shutting down and abandoning module WindowsClientTargetPlatform (25)
[2015.12.07-13.24.37:857][775]LogModuleManager: Shutting down and abandoning module AllDesktopTargetPlatform (24)
[2015.12.07-13.24.37:857][775]LogModuleManager: Shutting down and abandoning module TargetPlatform (23)
[2015.12.07-13.24.37:857][775]LogModuleManager: Shutting down and abandoning module InputCore (22)
[2015.12.07-13.24.37:857][775]LogModuleManager: Shutting down and abandoning module Settings (21)
[2015.12.07-13.24.37:857][775]LogModuleManager: Shutting down and abandoning module OnlineSubsystem (19)
[2015.12.07-13.24.37:857][775]LogModuleManager: Shutting down and abandoning module HTTP (18)
[2015.12.07-13.24.39:954][775]LogModuleManager: Shutting down and abandoning module XMPP (17)
[2015.12.07-13.24.39:971][775]LogModuleManager: Shutting down and abandoning module OculusRift (16)
[2015.12.07-13.24.39:971][775]LogModuleManager: Shutting down and abandoning module ExampleDeviceProfileSelector (15)
[2015.12.07-13.24.39:982][775]LogModuleManager: Shutting down and abandoning module TextureCompressor (14)
[2015.12.07-13.24.40:000][775]LogModuleManager: Shutting down and abandoning module ShaderCore (13)
[2015.12.07-13.24.40:000][775]LogModuleManager: Shutting down and abandoning module Landscape (12)
[2015.12.07-13.24.40:000][775]LogModuleManager: Shutting down and abandoning module SlateRHIRenderer (11)
[2015.12.07-13.24.40:108][775]LogModuleManager: Shutting down and abandoning module OpenGLDrv (10)
[2015.12.07-13.24.40:113][775]LogModuleManager: Shutting down and abandoning module D3D11RHI (9)
[2015.12.07-13.24.40:113][775]LogModuleManager: Shutting down and abandoning module AnimGraphRuntime (8)
[2015.12.07-13.24.40:113][775]LogModuleManager: Shutting down and abandoning module Renderer (7)
[2015.12.07-13.24.40:113][775]LogModuleManager: Shutting down and abandoning module Engine (6)
[2015.12.07-13.24.40:113][775]LogModuleManager: Shutting down and abandoning module CoreUObject (5)
[2015.12.07-13.24.40:113][775]LogModuleManager: Shutting down and abandoning module NetworkFile (4)
[2015.12.07-13.24.40:146][775]LogModuleManager: Shutting down and abandoning module StreamingFile (3)
[2015.12.07-13.24.40:146][775]LogModuleManager: Shutting down and abandoning module SandboxFile (2)
[2015.12.07-13.24.40:155][775]LogModuleManager: Shutting down and abandoning module PakFile (1)
[2015.12.07-13.24.40:227][775]LogExit: Exiting.
[2015.12.07-13.24.40:422][775]Log file closed, 12/07/15 07:24:40
